Unity Editor version:    2021.3.26f1 (a16dc32e0ff2)
Branch:                  2021.3/staging
Build type:              Release
Batch mode:              YES
macOS version:           Version 11.7.7 (Build 20G1345)
Darwin version:          20.6.0
Architecture:            x86_64
Running under Rosetta:   NO
Available memory:        4096 MB
Using pre-set license
Pro License: YES

COMMAND LINE ARGUMENTS:
/Applications/Unity/Hub/Editor/2021.3.26f1/Unity.app/Contents/MacOS/Unity
-adb2
-batchMode
-noUpm
-name
AssetImportWorker3
-projectPath
/Users/sanjitsingh/Documents/GitHub/JHU_Visual_Search_Test
-logFile
Logs/AssetImportWorker3.log
-srvPort
51968
Successfully changed project path to: /Users/sanjitsingh/Documents/GitHub/JHU_Visual_Search_Test
/Users/sanjitsingh/Documents/GitHub/JHU_Visual_Search_Test
[UnityMemory] Configuration Parameters - Can be set up in boot.config
    "memorysetup-bucket-allocator-granularity=16"
    "memorysetup-bucket-allocator-bucket-count=8"
    "memorysetup-bucket-allocator-block-size=33554432"
    "memorysetup-bucket-allocator-block-count=8"
    "memorysetup-main-allocator-block-size=16777216"
    "memorysetup-thread-allocator-block-size=16777216"
    "memorysetup-gfx-main-allocator-block-size=16777216"
    "memorysetup-gfx-thread-allocator-block-size=16777216"
    "memorysetup-cache-allocator-block-size=4194304"
    "memorysetup-typetree-allocator-block-size=2097152"
    "memorysetup-profiler-bucket-allocator-granularity=16"
    "memorysetup-profiler-bucket-allocator-bucket-count=8"
    "memorysetup-profiler-bucket-allocator-block-size=33554432"
    "memorysetup-profiler-bucket-allocator-block-count=8"
    "memorysetup-profiler-allocator-block-size=16777216"
    "memorysetup-profiler-editor-allocator-block-size=1048576"
    "memorysetup-temp-allocator-size-main=16777216"
    "memorysetup-job-temp-allocator-block-size=2097152"
    "memorysetup-job-temp-allocator-block-size-background=1048576"
    "memorysetup-job-temp-allocator-reduction-small-platforms=262144"
    "memorysetup-temp-allocator-size-background-worker=32768"
    "memorysetup-temp-allocator-size-job-worker=262144"
    "memorysetup-temp-allocator-size-preload-manager=33554432"
    "memorysetup-temp-allocator-size-nav-mesh-worker=65536"
    "memorysetup-temp-allocator-size-audio-worker=65536"
    "memorysetup-temp-allocator-size-cloud-worker=32768"
    "memorysetup-temp-allocator-size-gi-baking-worker=262144"
    "memorysetup-temp-allocator-size-gfx=262144"
Player connection [4707835392] Host "[IP] 10.10.20.254 [Port] 0 [Flags] 2 [Guid] 348753924 [EditorId] 348753924 [Version] 1048832 [Id] OSXEditor(0,Sanjits-MacBook-Air.local) [Debug] 1 [PackageName] OSXEditor [ProjectName] Editor" joined multi-casting on [225.0.0.222:54997]...

Player connection [4707835392] Host "[IP] 10.10.20.254 [Port] 0 [Flags] 2 [Guid] 348753924 [EditorId] 348753924 [Version] 1048832 [Id] OSXEditor(0,Sanjits-MacBook-Air.local) [Debug] 1 [PackageName] OSXEditor [ProjectName] Editor" joined alternative multi-casting on [225.0.0.222:34997]...

Refreshing native plugins compatible for Editor in 478.36 ms, found 5 plugins.
Preloading 1 native plugins for Editor in 30.87 ms.
Initialize engine version: 2021.3.26f1 (a16dc32e0ff2)
[Subsystems] Discovering subsystems at path /Applications/Unity/Hub/Editor/2021.3.26f1/Unity.app/Contents/Resources/UnitySubsystems
[Subsystems] Discovering subsystems at path /Users/sanjitsingh/Documents/GitHub/JHU_Visual_Search_Test/Assets
GfxDevice: creating device client; threaded=0; jobified=0
Color LCD preferred device: Intel HD Graphics 5000 (low power)
Metal devices available: 1
0: Intel HD Graphics 5000 (low power)
Using device Intel HD Graphics 5000 (low power)
Initializing Metal device caps: Intel HD Graphics 5000
Shader 'Oculus/OVRMRCameraFrameLit': fallback shader 'Alpha-Diffuse' not found
Initialize mono
Mono path[0] = '/Applications/Unity/Hub/Editor/2021.3.26f1/Unity.app/Contents/Managed'
Mono path[1] = '/Applications/Unity/Hub/Editor/2021.3.26f1/Unity.app/Contents/MonoBleedingEdge/lib/mono/unityjit-macos'
Mono config path = '/Applications/Unity/Hub/Editor/2021.3.26f1/Unity.app/Contents/MonoBleedingEdge/etc'
Using monoOptions --debugger-agent=transport=dt_socket,embedding=1,server=y,suspend=n,address=127.0.0.1:56447
Begin MonoManager ReloadAssembly
Registering precompiled unity dll's ...
Register platform support module: /Applications/Unity/Hub/Editor/2021.3.26f1/PlaybackEngines/WebGLSupport/UnityEditor.WebGL.Extensions.dll
Register platform support module: /Applications/Unity/Hub/Editor/2021.3.26f1/Unity.app/Contents/PlaybackEngines/MacStandaloneSupport/UnityEditor.OSXStandalone.Extensions.dll
Registered in 0.009593 seconds.
Native extension for OSXStandalone target not found
Native extension for WebGL target not found
Refreshing native plugins compatible for Editor in 468.52 ms, found 5 plugins.
Preloading 1 native plugins for Editor in 2.45 ms.
Mono: successfully reloaded assembly
- Completed reload, in  3.011 seconds
Domain Reload Profiling:
	ReloadAssembly (3013ms)
		BeginReloadAssembly (494ms)
			ExecutionOrderSort (0ms)
			DisableScriptedObjects (0ms)
			BackupInstance (0ms)
			ReleaseScriptingObjects (0ms)
			CreateAndSetChildDomain (2ms)
		EndReloadAssembly (2050ms)
			LoadAssemblies (494ms)
			RebuildTransferFunctionScriptingTraits (0ms)
			SetupTypeCache (580ms)
			ReleaseScriptCaches (0ms)
			RebuildScriptCaches (139ms)
			SetupLoadedEditorAssemblies (1151ms)
				LogAssemblyErrors (0ms)
				InitializePlatformSupportModulesInManaged (16ms)
				SetLoadedEditorAssemblies (1ms)
				RefreshPlugins (471ms)
				BeforeProcessingInitializeOnLoad (3ms)
				ProcessInitializeOnLoadAttributes (497ms)
				ProcessInitializeOnLoadMethodAttributes (164ms)
				AfterProcessingInitializeOnLoad (0ms)
				EditorAssembliesLoaded (0ms)
			ExecutionOrderSort2 (0ms)
			AwakeInstancesAfterBackupRestoration (0ms)
Platform modules already initialized, skipping
Registering precompiled user dll's ...
Registered in 0.036584 seconds.
Begin MonoManager ReloadAssembly
Symbol file LoadedFromMemory doesn't match image /Users/sanjitsingh/Documents/GitHub/JHU_Visual_Search_Test/Library/PackageCache/com.unity.visualscripting@1.8.0/Editor/VisualScripting.Core/Dependencies/DotNetZip/Unity.VisualScripting.IonicZip.dll
Symbol file LoadedFromMemory doesn't match image /Users/sanjitsingh/Documents/GitHub/JHU_Visual_Search_Test/Library/PackageCache/com.unity.visualscripting@1.8.0/Editor/VisualScripting.Core/Dependencies/YamlDotNet/Unity.VisualScripting.YamlDotNet.dll
Native extension for OSXStandalone target not found
Native extension for WebGL target not found
Refreshing native plugins compatible for Editor in 1152.94 ms, found 5 plugins.
Preloading 1 native plugins for Editor in 17.63 ms.
Package Manager log level set to [2]
Mono: successfully reloaded assembly
- Completed reload, in 10.217 seconds
Domain Reload Profiling:
	ReloadAssembly (10259ms)
		BeginReloadAssembly (714ms)
			ExecutionOrderSort (0ms)
			DisableScriptedObjects (43ms)
			BackupInstance (0ms)
			ReleaseScriptingObjects (1ms)
			CreateAndSetChildDomain (162ms)
		EndReloadAssembly (9063ms)
			LoadAssemblies (831ms)
			RebuildTransferFunctionScriptingTraits (7ms)
			SetupTypeCache (2720ms)
			ReleaseScriptCaches (161ms)
			RebuildScriptCaches (1061ms)
			SetupLoadedEditorAssemblies (4194ms)
				LogAssemblyErrors (1ms)
				InitializePlatformSupportModulesInManaged (17ms)
				SetLoadedEditorAssemblies (1ms)
				RefreshPlugins (1171ms)
				BeforeProcessingInitializeOnLoad (863ms)
				ProcessInitializeOnLoadAttributes (1669ms)
				ProcessInitializeOnLoadMethodAttributes (463ms)
				AfterProcessingInitializeOnLoad (9ms)
				EditorAssembliesLoaded (1ms)
			ExecutionOrderSort2 (0ms)
			AwakeInstancesAfterBackupRestoration (10ms)
Platform modules already initialized, skipping
========================================================================
Worker process is ready to serve import requests
Shader 'Oculus/OVRMRCameraFrameLit': fallback shader 'Alpha-Diffuse' not found
Launching external process: /Applications/Unity/Hub/Editor/2021.3.26f1/Unity.app/Contents/Tools/UnityShaderCompiler
Launched and connected shader compiler UnityShaderCompiler after 0.19 seconds
Refreshing native plugins compatible for Editor in 5.09 ms, found 5 plugins.
Preloading 1 native plugins for Editor in 2.40 ms.
Unloading 8131 Unused Serialized files (Serialized files now loaded: 0)
Unloading 107 unused Assets / (1.6 MB). Loaded Objects now: 8597.
Memory consumption went from 325.1 MB to 323.4 MB.
Total: 115.826049 ms (FindLiveObjects: 13.095241 ms CreateObjectMapping: 4.039632 ms MarkObjects: 90.210784 ms  DeleteObjects: 8.173504 ms)

AssetImportParameters requested are different than current active one (requested -> active):
  custom:video-decoder-ogg-theora: a1e56fd34408186e4bbccfd4996cb3dc -> 
  custom:container-muxer-webm: aa71ff27fc2769a1b78a27578f13a17b -> 
  custom:container-demuxer-webm: 4f35f7cbe854078d1ac9338744f61a02 -> 
  custom:video-encoder-webm-vp8: eb34c28f22e8b96e1ab97ce403110664 -> 
  custom:framework-osx-AVFoundation: e770b220cccbd017edd2c1fefb359320 -> 
  custom:audio-encoder-webm-vorbis: bf7c407c2cedff20999df2af8eb42d56 -> 
  custom:container-demuxer-ogg: 62fdf1f143b41e24485cea50d1cbac27 -> 
  custom:video-decoder-webm-vp8: 9c59270c3fd7afecdb556c50c9e8de78 -> 
  custom:audio-decoder-ogg-vorbis: bf7c407c2cedff20999df2af8eb42d56 -> 
========================================================================
Received Import Request.
  Time since last request: 74175.296788 seconds.
  path: Assets/Scripts/ControlObject.cs
  artifactKey: Guid(430fb695c1bc72449b7bb386bd44540a) Importer(815301076,1909f56bfc062723c751e8b465ee728b)
Start importing Assets/Scripts/ControlObject.cs using Guid(430fb695c1bc72449b7bb386bd44540a) Importer(815301076,1909f56bfc062723c751e8b465ee728b)  -> (artifact id: '14dc2d13c230a12c3bb74ee8fccb975b') in 11.393309 seconds 
========================================================================
Received Import Request.
  Time since last request: 0.000748 seconds.
  path: Assets/Scripts/ControllingVR.cs
  artifactKey: Guid(684e693178ffb9540b11297a8af66850) Importer(815301076,1909f56bfc062723c751e8b465ee728b)
Start importing Assets/Scripts/ControllingVR.cs using Guid(684e693178ffb9540b11297a8af66850) Importer(815301076,1909f56bfc062723c751e8b465ee728b)  -> (artifact id: 'fcd283ce33ba4da589d38837124b348b') in 0.004433 seconds 
========================================================================
Received Import Request.
  Time since last request: 0.000142 seconds.
  path: Assets/Scripts/Controllers.cs
  artifactKey: Guid(d7bfacd4a1271bb4190cf46f65ad37e6) Importer(815301076,1909f56bfc062723c751e8b465ee728b)
Start importing Assets/Scripts/Controllers.cs using Guid(d7bfacd4a1271bb4190cf46f65ad37e6) Importer(815301076,1909f56bfc062723c751e8b465ee728b)  -> (artifact id: 'bf13fb3d1b4db29e7b3f95a72ad1976a') in 0.004653 seconds 
========================================================================
Received Import Request.
  Time since last request: 0.000162 seconds.
  path: Assets/Scripts/Colortest.cs
  artifactKey: Guid(ef6060383797ffa42a5f1dc5ca23d664) Importer(815301076,1909f56bfc062723c751e8b465ee728b)
Start importing Assets/Scripts/Colortest.cs using Guid(ef6060383797ffa42a5f1dc5ca23d664) Importer(815301076,1909f56bfc062723c751e8b465ee728b)  -> (artifact id: '55e0913f0a24315d22594282f4606895') in 0.002950 seconds 
========================================================================
Received Prepare
Registering precompiled user dll's ...
Registered in 0.058801 seconds.
Begin MonoManager ReloadAssembly
Symbol file LoadedFromMemory doesn't match image /Users/sanjitsingh/Documents/GitHub/JHU_Visual_Search_Test/Library/PackageCache/com.unity.visualscripting@1.8.0/Editor/VisualScripting.Core/Dependencies/DotNetZip/Unity.VisualScripting.IonicZip.dll
Symbol file LoadedFromMemory doesn't match image /Users/sanjitsingh/Documents/GitHub/JHU_Visual_Search_Test/Library/PackageCache/com.unity.visualscripting@1.8.0/Editor/VisualScripting.Core/Dependencies/YamlDotNet/Unity.VisualScripting.YamlDotNet.dll
Native extension for OSXStandalone target not found
Native extension for WebGL target not found
Refreshing native plugins compatible for Editor in 33.83 ms, found 5 plugins.
Preloading 1 native plugins for Editor in 27.40 ms.
Mono: successfully reloaded assembly
- Completed reload, in  6.381 seconds
Domain Reload Profiling:
	ReloadAssembly (6388ms)
		BeginReloadAssembly (1385ms)
			ExecutionOrderSort (0ms)
			DisableScriptedObjects (44ms)
			BackupInstance (0ms)
			ReleaseScriptingObjects (1ms)
			CreateAndSetChildDomain (522ms)
		EndReloadAssembly (4617ms)
			LoadAssemblies (939ms)
			RebuildTransferFunctionScriptingTraits (1ms)
			SetupTypeCache (1510ms)
			ReleaseScriptCaches (107ms)
			RebuildScriptCaches (249ms)
			SetupLoadedEditorAssemblies (1978ms)
				LogAssemblyErrors (0ms)
				InitializePlatformSupportModulesInManaged (18ms)
				SetLoadedEditorAssemblies (2ms)
				RefreshPlugins (61ms)
				BeforeProcessingInitializeOnLoad (230ms)
				ProcessInitializeOnLoadAttributes (1328ms)
				ProcessInitializeOnLoadMethodAttributes (327ms)
				AfterProcessingInitializeOnLoad (9ms)
				EditorAssembliesLoaded (2ms)
			ExecutionOrderSort2 (0ms)
			AwakeInstancesAfterBackupRestoration (11ms)
Platform modules already initialized, skipping
Shader 'Oculus/OVRMRCameraFrameLit': fallback shader 'Alpha-Diffuse' not found
Refreshing native plugins compatible for Editor in 34.50 ms, found 5 plugins.
Preloading 1 native plugins for Editor in 54.99 ms.
Unloading 7917 Unused Serialized files (Serialized files now loaded: 0)
Unloading 99 unused Assets / (1.6 MB). Loaded Objects now: 8599.
Memory consumption went from 309.1 MB to 307.5 MB.
Total: 169.010261 ms (FindLiveObjects: 58.484060 ms CreateObjectMapping: 2.477964 ms MarkObjects: 88.883538 ms  DeleteObjects: 19.158351 ms)

AssetImportParameters requested are different than current active one (requested -> active):
  custom:video-decoder-ogg-theora: a1e56fd34408186e4bbccfd4996cb3dc -> 
  custom:container-muxer-webm: aa71ff27fc2769a1b78a27578f13a17b -> 
  custom:container-demuxer-webm: 4f35f7cbe854078d1ac9338744f61a02 -> 
  custom:video-encoder-webm-vp8: eb34c28f22e8b96e1ab97ce403110664 -> 
  custom:framework-osx-AVFoundation: e770b220cccbd017edd2c1fefb359320 -> 
  custom:audio-encoder-webm-vorbis: bf7c407c2cedff20999df2af8eb42d56 -> 
  custom:container-demuxer-ogg: 62fdf1f143b41e24485cea50d1cbac27 -> 
  custom:video-decoder-webm-vp8: 9c59270c3fd7afecdb556c50c9e8de78 -> 
  custom:audio-decoder-ogg-vorbis: bf7c407c2cedff20999df2af8eb42d56 -> 
========================================================================
Received Prepare
Registering precompiled user dll's ...
Registered in 0.025837 seconds.
Begin MonoManager ReloadAssembly
Symbol file LoadedFromMemory doesn't match image /Users/sanjitsingh/Documents/GitHub/JHU_Visual_Search_Test/Library/PackageCache/com.unity.visualscripting@1.8.0/Editor/VisualScripting.Core/Dependencies/DotNetZip/Unity.VisualScripting.IonicZip.dll
Symbol file LoadedFromMemory doesn't match image /Users/sanjitsingh/Documents/GitHub/JHU_Visual_Search_Test/Library/PackageCache/com.unity.visualscripting@1.8.0/Editor/VisualScripting.Core/Dependencies/YamlDotNet/Unity.VisualScripting.YamlDotNet.dll
Native extension for OSXStandalone target not found
Native extension for WebGL target not found
Refreshing native plugins compatible for Editor in 109.82 ms, found 5 plugins.
Preloading 1 native plugins for Editor in 163.04 ms.
Mono: successfully reloaded assembly
- Completed reload, in  9.996 seconds
Domain Reload Profiling:
	ReloadAssembly (10005ms)
		BeginReloadAssembly (1466ms)
			ExecutionOrderSort (0ms)
			DisableScriptedObjects (41ms)
			BackupInstance (0ms)
			ReleaseScriptingObjects (2ms)
			CreateAndSetChildDomain (678ms)
		EndReloadAssembly (7946ms)
			LoadAssemblies (1889ms)
			RebuildTransferFunctionScriptingTraits (7ms)
			SetupTypeCache (2921ms)
			ReleaseScriptCaches (162ms)
			RebuildScriptCaches (301ms)
			SetupLoadedEditorAssemblies (2585ms)
				LogAssemblyErrors (0ms)
				InitializePlatformSupportModulesInManaged (17ms)
				SetLoadedEditorAssemblies (2ms)
				RefreshPlugins (273ms)
				BeforeProcessingInitializeOnLoad (370ms)
				ProcessInitializeOnLoadAttributes (1521ms)
				ProcessInitializeOnLoadMethodAttributes (395ms)
				AfterProcessingInitializeOnLoad (4ms)
				EditorAssembliesLoaded (3ms)
			ExecutionOrderSort2 (1ms)
			AwakeInstancesAfterBackupRestoration (18ms)
Platform modules already initialized, skipping
